<?xml version="1.0" encoding="UTF-8"?>
<!-- Generated by org.testng.reporters.JUnitReportReporter -->
<testsuite skipped="0" hostname="DESKTOP-S8J8GPP" name="com.crm.qa.testes.HomepageTest" tests="1" failures="0" timestamp="07 May 2019 14:47:08 GMT" time="25.597" errors="0">
  <testcase name="ClickOnNewContact" time="25.597" classname="com.crm.qa.testes.HomepageTest"/>
</testsuite> <!-- com.crm.qa.testes.HomepageTest -->
