<?xml version="1.0" encoding="UTF-8"?>
<!-- Generated by org.testng.reporters.JUnitReportReporter -->
<testsuite skipped="0" hostname="DESKTOP-S8J8GPP" name="com.crm.qa.testes.ContacsPageTest" tests="3" failures="0" timestamp="07 May 2019 16:44:51 GMT" time="133.612" errors="0">
  <testcase name="validateCreateNewContact" time="39.779" classname="com.crm.qa.testes.ContacsPageTest"/>
  <testcase name="validateCreateNewContact" time="52.327" classname="com.crm.qa.testes.ContacsPageTest"/>
  <testcase name="validateCreateNewContact" time="41.506" classname="com.crm.qa.testes.ContacsPageTest"/>
</testsuite> <!-- com.crm.qa.testes.ContacsPageTest -->
