<?xml version="1.0" encoding="UTF-8"?>
<!-- Generated by org.testng.reporters.JUnitReportReporter -->
<testsuite skipped="0" hostname="DESKTOP-S8J8GPP" name="com.crm.qa.testes.LoginTest" tests="3" failures="0" timestamp="07 May 2019 11:50:03 GMT" time="44.589" errors="0">
  <testcase name="loginPageTitleTest" time="11.665" classname="com.crm.qa.testes.LoginTest"/>
  <testcase name="crmLogoImageTest" time="12.029" classname="com.crm.qa.testes.LoginTest"/>
  <testcase name="loginTest" time="20.895" classname="com.crm.qa.testes.LoginTest"/>
</testsuite> <!-- com.crm.qa.testes.LoginTest -->
