<?xml version="1.0" encoding="UTF-8"?>
<!-- Generated by org.testng.reporters.JUnitReportReporter -->
<testsuite skipped="0" hostname="DESKTOP-S8J8GPP" name="com.crm.qa.testes.LoginTest" tests="3" failures="0" timestamp="07 May 2019 12:03:00 GMT" time="81.065" errors="0">
  <testcase name="loginPageTitleTest" time="35.790" classname="com.crm.qa.testes.LoginTest"/>
  <testcase name="crmLogoImageTest" time="16.834" classname="com.crm.qa.testes.LoginTest"/>
  <testcase name="loginTest" time="28.441" classname="com.crm.qa.testes.LoginTest"/>
</testsuite> <!-- com.crm.qa.testes.LoginTest -->
